[[1;34mINFO[m] Scanning for projects...
[[1;34mINFO[m] 
[[1;34mINFO[m] [1m-----------------------< [0;36mvn.edu.funix:j3lp0011[0;1m >------------------------[m
[[1;34mINFO[m] [1mBuilding j3lp0011 0.0.1-SNAPSHOT[m
[[1;34mINFO[m] [1m--------------------------------[ jar ]---------------------------------[m
[[1;34mINFO[m] 
[[1;34mINFO[m] [1m>>> [0;32mspring-boot-maven-plugin:3.2.0:run[m [1m(default-cli)[0;1m > [0;1mtest-compile[m @ [36mj3lp0011[0;1m >>>[m
[[1;34mINFO[m] 
[[1;34mINFO[m] [1m--- [0;32mmaven-resources-plugin:3.3.1:resources[m [1m(default-resources)[m @ [36mj3lp0011[0;1m ---[m
[[1;34mINFO[m] Copying 1 resource from src/main/resources to target/classes
[[1;34mINFO[m] Copying 24 resources from src/main/resources to target/classes
[[1;34mINFO[m] 
[[1;34mINFO[m] [1m--- [0;32mmaven-compiler-plugin:3.11.0:compile[m [1m(default-compile)[m @ [36mj3lp0011[0;1m ---[m
[[1;34mINFO[m] Nothing to compile - all classes are up to date
[[1;34mINFO[m] 
[[1;34mINFO[m] [1m--- [0;32mmaven-resources-plugin:3.3.1:testResources[m [1m(default-testResources)[m @ [36mj3lp0011[0;1m ---[m
[[1;34mINFO[m] skip non existing resourceDirectory /home/vinht/j3lp0011/src/test/resources
[[1;34mINFO[m] 
[[1;34mINFO[m] [1m--- [0;32mmaven-compiler-plugin:3.11.0:testCompile[m [1m(default-testCompile)[m @ [36mj3lp0011[0;1m ---[m
[[1;34mINFO[m] Nothing to compile - all classes are up to date
[[1;34mINFO[m] 
[[1;34mINFO[m] [1m<<< [0;32mspring-boot-maven-plugin:3.2.0:run[m [1m(default-cli)[0;1m < [0;1mtest-compile[m @ [36mj3lp0011[0;1m <<<[m
[[1;34mINFO[m] 
[[1;34mINFO[m] 
[[1;34mINFO[m] [1m--- [0;32mspring-boot-maven-plugin:3.2.0:run[m [1m(default-cli)[m @ [36mj3lp0011[0;1m ---[m
[[1;34mINFO[m] Attaching agents: []

  .   ____          _            __ _ _
 /\\ / ___'_ __ _ _(_)_ __  __ _ \ \ \ \
( ( )\___ | '_ | '_| | '_ \/ _` | \ \ \ \
 \\/  ___)| |_)| | | | | || (_| |  ) ) ) )
  '  |____| .__|_| |_|_| |_\__, | / / / /
 =========|_|==============|___/=/_/_/_/
 :: Spring Boot ::                (v3.2.0)

2025-07-28T14:36:18.604Z  INFO 13132 --- [  restartedMain] v.e.funix.j3lp0011.J3lp0011Application   : Starting J3lp0011Application using Java 21.0.7 with PID 13132 (/home/vinht/j3lp0011/target/classes started by vinht in /home/vinht/j3lp0011)
2025-07-28T14:36:18.610Z  INFO 13132 --- [  restartedMain] v.e.funix.j3lp0011.J3lp0011Application   : No active profile set, falling back to 1 default profile: "default"
2025-07-28T14:36:18.695Z  INFO 13132 --- [  restartedMain] .e.DevToolsPropertyDefaultsPostProcessor : Devtools property defaults active! Set 'spring.devtools.add-properties' to 'false' to disable
2025-07-28T14:36:18.695Z  INFO 13132 --- [  restartedMain] .e.DevToolsPropertyDefaultsPostProcessor : For additional web related logging consider setting the 'logging.level.web' property to 'DEBUG'
2025-07-28T14:36:19.474Z  INFO 13132 --- [  restartedMain] .s.d.r.c.RepositoryConfigurationDelegate : Bootstrapping Spring Data JPA repositories in DEFAULT mode.
2025-07-28T14:36:19.558Z  INFO 13132 --- [  restartedMain] .s.d.r.c.RepositoryConfigurationDelegate : Finished Spring Data repository scanning in 75 ms. Found 4 JPA repository interfaces.
2025-07-28T14:36:20.327Z  INFO 13132 --- [  restartedMain] o.s.b.w.embedded.tomcat.TomcatWebServer  : Tomcat initialized with port 8080 (http)
2025-07-28T14:36:20.338Z  INFO 13132 --- [  restartedMain] o.apache.catalina.core.StandardService   : Starting service [Tomcat]
2025-07-28T14:36:20.338Z  INFO 13132 --- [  restartedMain] o.apache.catalina.core.StandardEngine    : Starting Servlet engine: [Apache Tomcat/10.1.16]
2025-07-28T14:36:20.376Z  INFO 13132 --- [  restartedMain] o.a.c.c.C.[Tomcat].[localhost].[/]       : Initializing Spring embedded WebApplicationContext
2025-07-28T14:36:20.376Z  INFO 13132 --- [  restartedMain] w.s.c.ServletWebServerApplicationContext : Root WebApplicationContext: initialization completed in 1680 ms
2025-07-28T14:36:20.497Z  INFO 13132 --- [  restartedMain] o.hibernate.jpa.internal.util.LogHelper  : HHH000204: Processing PersistenceUnitInfo [name: default]
2025-07-28T14:36:20.565Z  INFO 13132 --- [  restartedMain] org.hibernate.Version                    : HHH000412: Hibernate ORM core version 6.3.1.Final
2025-07-28T14:36:20.603Z  INFO 13132 --- [  restartedMain] o.h.c.internal.RegionFactoryInitiator    : HHH000026: Second-level cache disabled
2025-07-28T14:36:20.855Z  INFO 13132 --- [  restartedMain] o.s.o.j.p.SpringPersistenceUnitInfo      : No LoadTimeWeaver setup: ignoring JPA class transformer
2025-07-28T14:36:20.881Z  INFO 13132 --- [  restartedMain] com.zaxxer.hikari.HikariDataSource       : HikariPool-1 - Starting...
2025-07-28T14:36:21.094Z  INFO 13132 --- [  restartedMain] com.zaxxer.hikari.pool.HikariPool        : HikariPool-1 - Added connection conn0: url=jdbc:h2:mem:testdb user=SA
2025-07-28T14:36:21.096Z  INFO 13132 --- [  restartedMain] com.zaxxer.hikari.HikariDataSource       : HikariPool-1 - Start completed.
2025-07-28T14:36:21.126Z  WARN 13132 --- [  restartedMain] org.hibernate.orm.deprecation            : HHH90000025: H2Dialect does not need to be specified explicitly using 'hibernate.dialect' (remove the property setting and it will be selected by default)
2025-07-28T14:36:22.129Z  INFO 13132 --- [  restartedMain] o.h.e.t.j.p.i.JtaPlatformInitiator       : HHH000489: No JTA platform available (set 'hibernate.transaction.jta.platform' to enable JTA platform integration)
Hibernate: 
    drop table if exists about_me cascade 
Hibernate: 
    drop table if exists post cascade 
Hibernate: 
    drop table if exists social cascade 
Hibernate: 
    drop table if exists total_views cascade 
Hibernate: 
    create table about_me (
        id integer not null,
        content varchar(4000),
        author varchar(255),
        primary key (id)
    )
Hibernate: 
    create table post (
        created_at date,
        id integer generated by default as identity,
        content varchar(2000),
        image_path varchar(255),
        title varchar(255),
        type varchar(255),
        primary key (id)
    )
Hibernate: 
    create table social (
        id integer generated by default as identity,
        icon varchar(255),
        name varchar(255),
        primary key (id)
    )
Hibernate: 
    create table total_views (
        id integer not null,
        view_count integer,
        primary key (id)
    )
2025-07-28T14:36:22.192Z  INFO 13132 --- [  restartedMain] j.LocalContainerEntityManagerFactoryBean : Initialized JPA EntityManagerFactory for persistence unit 'default'
2025-07-28T14:36:22.463Z  INFO 13132 --- [  restartedMain] o.s.d.j.r.query.QueryEnhancerFactory     : Hibernate is in classpath; If applicable, HQL parser will be used.
2025-07-28T14:36:23.005Z  INFO 13132 --- [  restartedMain] o.s.b.a.h2.H2ConsoleAutoConfiguration    : H2 console available at '/h2-console'. Database available at 'jdbc:h2:mem:testdb'
2025-07-28T14:36:23.390Z  WARN 13132 --- [  restartedMain] JpaBaseConfiguration$JpaWebConfiguration : spring.jpa.open-in-view is enabled by default. Therefore, database queries may be performed during view rendering. Explicitly configure spring.jpa.open-in-view to disable this warning
2025-07-28T14:36:23.860Z DEBUG 13132 --- [  restartedMain] o.s.jdbc.datasource.init.ScriptUtils     : Executing SQL script from file [/home/vinht/j3lp0011/target/classes/data.sql]
2025-07-28T14:36:23.866Z DEBUG 13132 --- [  restartedMain] o.s.jdbc.datasource.init.ScriptUtils     : 1 returned as update count for SQL: INSERT INTO about_me (id, content, author) VALUES ( 1, 'Lorem ipsum dolor sit amet, consectetuer adipiscing elit, sed diam nonummy nibh euismod tincidunt ut laoreet dolore magna aliquam erat volutpat. Ut wisi enim ad minim veniam, quis nostrud exerci tation ullamcorper suscipit lobortis nisl ut aliquip ex ea commodo consequat. Duis autem vel eum iriure dolor in hendrerit in vulputate velit esse molestie consequat, vel illum dolore eu feugiat nulla facilisis at vero eros et accumsan et iusto odio dignissim qui blandit praesent luptatum zzril delenit augue duis dolore te feugait nulla facilisi. Nam liber tempor cum soluta nobis eleifend option congue nihil imperdiet doming id quod mazim placerat facer possim assum.<br/><br/>Typi non habent claritatem insitam; est usus legentis in iis qui facit eorum claritatem. Investigationes demonstraverunt lectores legere me lius quod ii legunt saepius. Claritas est etiam processus dynamicus, qui sequitur mutationem consuetudium lectorum. Mirum est notare quam littera gothica, quam nunc putamus parum claram, anteposuerit litterarum formas humanitatis per seacula quarta decima et quinta decima. Eodem modo typi, qui nunc nobis videntur parum clari, fiant sollemnes in futurum.', 'Vivianne Russell' )
2025-07-28T14:36:23.868Z DEBUG 13132 --- [  restartedMain] o.s.jdbc.datasource.init.ScriptUtils     : 4 returned as update count for SQL: INSERT INTO post (title, type, content, image_path, created_at) VALUES ( 'Essential skills for a happy life!', 'blog', 'Lorem ipsum dolor sit amet, consectetuer adipiscing elit, sed diam nonummy nibh euismod tincidunt ut laoreet dolore magna aliquam erat volutpat. Ut wisi enim ad minim veniam, quis nostrud exerci tation ullamcorper suscipit lobortis nisl ut aliquip ex ea commodo consequat. At eam doctus oportere, eam feugait delectus ne. Quo cu vulputate persecuti. Eum ut natum possim comprehensam, habeo dicta scaevola eu nec. Ea adhuc reformidans eam. Pri dolore epicuri eu, ne cum tantas fierent instructior. Pro ridens intellegam ut, sea at graecis scriptorem eloquentiam.<br/><br/>Per an labitur lucilius ullamcorper, esse erat ponderum ad vim. Possim laoreet suscipit ex pri, vix numquam eruditi feugait in. Nec maluisset complectitur te, at sea decore semper. Falli numquam perpetua sea et, tibique repudiandae an pro. Ut his solum persius postulant. Soluta nemore debitis ne eos, cum an scripta pericula partiendo.', 'i2.jpg', '2015-11-16' ), ( 'You''ve gotta dance', 'quote', 'You''ve gotta dance like there''s nobody watching,<br/>Love like you''ll never be hurt,<br/>Sing like there''s nobody listening,<br/>And live like it''s heaven on earth. - William W. Purkey', '', '2015-11-16' ), ( 'Photo', 'photo', '', 'i1.jpg', '2024-05-10' ), ( 'Another Blog Post', 'blog', 'This is another post to test pagination and ordering. It should appear after the first post but before the photo post if sorted by date.', 'i2.jpg', '2022-08-20' )
2025-07-28T14:36:23.869Z DEBUG 13132 --- [  restartedMain] o.s.jdbc.datasource.init.ScriptUtils     : 3 returned as update count for SQL: INSERT INTO social (name, icon) VALUES ('Facebook', 'fb.jpg'), ('Twitter', 'tw.jpg'), ('Google+', 'gg.jpg')
2025-07-28T14:36:23.870Z DEBUG 13132 --- [  restartedMain] o.s.jdbc.datasource.init.ScriptUtils     : 1 returned as update count for SQL: INSERT INTO total_views (id, view_count) VALUES (1, 1857)
2025-07-28T14:36:23.871Z DEBUG 13132 --- [  restartedMain] o.s.jdbc.datasource.init.ScriptUtils     : Executed SQL script from file [/home/vinht/j3lp0011/target/classes/data.sql] in 10 ms.
2025-07-28T14:36:23.977Z  INFO 13132 --- [  restartedMain] o.s.b.d.a.OptionalLiveReloadServer       : LiveReload server is running on port 35729
2025-07-28T14:36:24.005Z  INFO 13132 --- [  restartedMain] o.s.b.w.embedded.tomcat.TomcatWebServer  : Tomcat started on port 8080 (http) with context path ''
2025-07-28T14:36:24.013Z  INFO 13132 --- [  restartedMain] v.e.funix.j3lp0011.J3lp0011Application   : Started J3lp0011Application in 5.91 seconds (process running for 6.467)
2025-07-28T14:36:33.529Z  INFO 13132 --- [nio-8080-exec-1] o.a.c.c.C.[Tomcat].[localhost].[/]       : Initializing Spring DispatcherServlet 'dispatcherServlet'
2025-07-28T14:36:33.529Z  INFO 13132 --- [nio-8080-exec-1] o.s.web.servlet.DispatcherServlet        : Initializing Servlet 'dispatcherServlet'
2025-07-28T14:36:33.531Z  INFO 13132 --- [nio-8080-exec-1] o.s.web.servlet.DispatcherServlet        : Completed initialization in 2 ms
Hibernate: 
    select
        p1_0.id,
        p1_0.content,
        p1_0.created_at,
        p1_0.image_path,
        p1_0.title,
        p1_0.type 
    from
        post p1_0 
    order by
        p1_0.created_at desc 
    offset
        ? rows 
    fetch
        first ? rows only
Hibernate: 
    select
        s1_0.id,
        s1_0.icon,
        s1_0.name 
    from
        social s1_0
Hibernate: 
    select
        p1_0.id,
        p1_0.content,
        p1_0.created_at,
        p1_0.image_path,
        p1_0.title,
        p1_0.type 
    from
        post p1_0 
    order by
        p1_0.created_at desc 
    offset
        ? rows 
    fetch
        first ? rows only
Hibernate: 
    select
        s1_0.id,
        s1_0.icon,
        s1_0.name 
    from
        social s1_0
2025-07-28T14:37:11.465Z  INFO 13132 --- [   File Watcher] rtingClassPathChangeChangedEventListener : Restarting due to 1 class path change (0 additions, 0 deletions, 1 modification)
2025-07-28T14:37:11.482Z  INFO 13132 --- [       Thread-5] j.LocalContainerEntityManagerFactoryBean : Closing JPA EntityManagerFactory for persistence unit 'default'
Hibernate: 
    drop table if exists about_me cascade 
Hibernate: 
    drop table if exists post cascade 
Hibernate: 
    drop table if exists social cascade 
Hibernate: 
    drop table if exists total_views cascade 
2025-07-28T14:37:11.499Z  WARN 13132 --- [       Thread-5] o.s.b.f.support.DisposableBeanAdapter    : Invocation of destroy method failed on bean with name 'inMemoryDatabaseShutdownExecutor': org.h2.jdbc.JdbcSQLNonTransientConnectionException: Database is already closed (to disable automatic closing at VM shutdown, add ";DB_CLOSE_ON_EXIT=FALSE" to the db URL) [90121-224]
2025-07-28T14:37:11.500Z  INFO 13132 --- [       Thread-5] com.zaxxer.hikari.HikariDataSource       : HikariPool-1 - Shutdown initiated...
2025-07-28T14:37:11.503Z  INFO 13132 --- [       Thread-5] com.zaxxer.hikari.HikariDataSource       : HikariPool-1 - Shutdown completed.

  .   ____          _            __ _ _
 /\\ / ___'_ __ _ _(_)_ __  __ _ \ \ \ \
( ( )\___ | '_ | '_| | '_ \/ _` | \ \ \ \
 \\/  ___)| |_)| | | | | || (_| |  ) ) ) )
  '  |____| .__|_| |_|_| |_\__, | / / / /
 =========|_|==============|___/=/_/_/_/
 :: Spring Boot ::                (v3.2.0)

2025-07-28T14:37:11.605Z  INFO 13132 --- [  restartedMain] v.e.funix.j3lp0011.J3lp0011Application   : Starting J3lp0011Application using Java 21.0.7 with PID 13132 (/home/vinht/j3lp0011/target/classes started by vinht in /home/vinht/j3lp0011)
2025-07-28T14:37:11.605Z  INFO 13132 --- [  restartedMain] v.e.funix.j3lp0011.J3lp0011Application   : No active profile set, falling back to 1 default profile: "default"
2025-07-28T14:37:11.811Z  INFO 13132 --- [  restartedMain] .s.d.r.c.RepositoryConfigurationDelegate : Bootstrapping Spring Data JPA repositories in DEFAULT mode.
2025-07-28T14:37:11.828Z  INFO 13132 --- [  restartedMain] .s.d.r.c.RepositoryConfigurationDelegate : Finished Spring Data repository scanning in 16 ms. Found 4 JPA repository interfaces.
2025-07-28T14:37:11.957Z  INFO 13132 --- [  restartedMain] o.s.b.w.embedded.tomcat.TomcatWebServer  : Tomcat initialized with port 8080 (http)
2025-07-28T14:37:11.958Z  INFO 13132 --- [  restartedMain] o.apache.catalina.core.StandardService   : Starting service [Tomcat]
2025-07-28T14:37:11.958Z  INFO 13132 --- [  restartedMain] o.apache.catalina.core.StandardEngine    : Starting Servlet engine: [Apache Tomcat/10.1.16]
2025-07-28T14:37:11.970Z  INFO 13132 --- [  restartedMain] o.a.c.c.C.[Tomcat].[localhost].[/]       : Initializing Spring embedded WebApplicationContext
2025-07-28T14:37:11.970Z  INFO 13132 --- [  restartedMain] w.s.c.ServletWebServerApplicationContext : Root WebApplicationContext: initialization completed in 362 ms
2025-07-28T14:37:12.011Z  INFO 13132 --- [  restartedMain] o.hibernate.jpa.internal.util.LogHelper  : HHH000204: Processing PersistenceUnitInfo [name: default]
2025-07-28T14:37:12.012Z  INFO 13132 --- [  restartedMain] o.h.c.internal.RegionFactoryInitiator    : HHH000026: Second-level cache disabled
2025-07-28T14:37:12.018Z  INFO 13132 --- [  restartedMain] o.s.o.j.p.SpringPersistenceUnitInfo      : No LoadTimeWeaver setup: ignoring JPA class transformer
2025-07-28T14:37:12.020Z  INFO 13132 --- [  restartedMain] com.zaxxer.hikari.HikariDataSource       : HikariPool-2 - Starting...
2025-07-28T14:37:12.030Z  INFO 13132 --- [  restartedMain] com.zaxxer.hikari.pool.HikariPool        : HikariPool-2 - Added connection conn10: url=jdbc:h2:mem:testdb user=SA
2025-07-28T14:37:12.031Z  INFO 13132 --- [  restartedMain] com.zaxxer.hikari.HikariDataSource       : HikariPool-2 - Start completed.
2025-07-28T14:37:12.033Z  WARN 13132 --- [  restartedMain] org.hibernate.orm.deprecation            : HHH90000025: H2Dialect does not need to be specified explicitly using 'hibernate.dialect' (remove the property setting and it will be selected by default)
2025-07-28T14:37:12.159Z  INFO 13132 --- [  restartedMain] o.h.e.t.j.p.i.JtaPlatformInitiator       : HHH000489: No JTA platform available (set 'hibernate.transaction.jta.platform' to enable JTA platform integration)
Hibernate: 
    drop table if exists about_me cascade 
Hibernate: 
    drop table if exists post cascade 
Hibernate: 
    drop table if exists social cascade 
Hibernate: 
    drop table if exists total_views cascade 
Hibernate: 
    create table about_me (
        id integer not null,
        content varchar(4000),
        author varchar(255),
        primary key (id)
    )
Hibernate: 
    create table post (
        created_at date,
        id integer generated by default as identity,
        content varchar(2000),
        image_path varchar(255),
        title varchar(255),
        type varchar(255),
        primary key (id)
    )
Hibernate: 
    create table social (
        id integer generated by default as identity,
        icon varchar(255),
        name varchar(255),
        primary key (id)
    )
Hibernate: 
    create table total_views (
        id integer not null,
        view_count integer,
        primary key (id)
    )
2025-07-28T14:37:12.170Z  INFO 13132 --- [  restartedMain] j.LocalContainerEntityManagerFactoryBean : Initialized JPA EntityManagerFactory for persistence unit 'default'
2025-07-28T14:37:12.237Z  INFO 13132 --- [  restartedMain] o.s.b.a.h2.H2ConsoleAutoConfiguration    : H2 console available at '/h2-console'. Database available at 'jdbc:h2:mem:testdb'
2025-07-28T14:37:12.345Z  WARN 13132 --- [  restartedMain] JpaBaseConfiguration$JpaWebConfiguration : spring.jpa.open-in-view is enabled by default. Therefore, database queries may be performed during view rendering. Explicitly configure spring.jpa.open-in-view to disable this warning
2025-07-28T14:37:12.451Z DEBUG 13132 --- [  restartedMain] o.s.jdbc.datasource.init.ScriptUtils     : Executing SQL script from file [/home/vinht/j3lp0011/target/classes/data.sql]
2025-07-28T14:37:12.453Z DEBUG 13132 --- [  restartedMain] o.s.jdbc.datasource.init.ScriptUtils     : 1 returned as update count for SQL: INSERT INTO about_me (id, content, author) VALUES ( 1, 'Lorem ipsum dolor sit amet, consectetuer adipiscing elit, sed diam nonummy nibh euismod tincidunt ut laoreet dolore magna aliquam erat volutpat. Ut wisi enim ad minim veniam, quis nostrud exerci tation ullamcorper suscipit lobortis nisl ut aliquip ex ea commodo consequat. Duis autem vel eum iriure dolor in hendrerit in vulputate velit esse molestie consequat, vel illum dolore eu feugiat nulla facilisis at vero eros et accumsan et iusto odio dignissim qui blandit praesent luptatum zzril delenit augue duis dolore te feugait nulla facilisi. Nam liber tempor cum soluta nobis eleifend option congue nihil imperdiet doming id quod mazim placerat facer possim assum.<br/><br/>Typi non habent claritatem insitam; est usus legentis in iis qui facit eorum claritatem. Investigationes demonstraverunt lectores legere me lius quod ii legunt saepius. Claritas est etiam processus dynamicus, qui sequitur mutationem consuetudium lectorum. Mirum est notare quam littera gothica, quam nunc putamus parum claram, anteposuerit litterarum formas humanitatis per seacula quarta decima et quinta decima. Eodem modo typi, qui nunc nobis videntur parum clari, fiant sollemnes in futurum.', 'Vivianne Russell' )
2025-07-28T14:37:12.454Z DEBUG 13132 --- [  restartedMain] o.s.jdbc.datasource.init.ScriptUtils     : 4 returned as update count for SQL: INSERT INTO post (title, type, content, image_path, created_at) VALUES ( 'Essential skills for a happy life!', 'blog', 'Lorem ipsum dolor sit amet, consectetuer adipiscing elit, sed diam nonummy nibh euismod tincidunt ut laoreet dolore magna aliquam erat volutpat. Ut wisi enim ad minim veniam, quis nostrud exerci tation ullamcorper suscipit lobortis nisl ut aliquip ex ea commodo consequat. At eam doctus oportere, eam feugait delectus ne. Quo cu vulputate persecuti. Eum ut natum possim comprehensam, habeo dicta scaevola eu nec. Ea adhuc reformidans eam. Pri dolore epicuri eu, ne cum tantas fierent instructior. Pro ridens intellegam ut, sea at graecis scriptorem eloquentiam.<br/><br/>Per an labitur lucilius ullamcorper, esse erat ponderum ad vim. Possim laoreet suscipit ex pri, vix numquam eruditi feugait in. Nec maluisset complectitur te, at sea decore semper. Falli numquam perpetua sea et, tibique repudiandae an pro. Ut his solum persius postulant. Soluta nemore debitis ne eos, cum an scripta pericula partiendo.', 'i2.jpg', '2015-11-16' ), ( 'You''ve gotta dance', 'quote', 'You''ve gotta dance like there''s nobody watching,<br/>Love like you''ll never be hurt,<br/>Sing like there''s nobody listening,<br/>And live like it''s heaven on earth. - William W. Purkey', '', '2015-11-16' ), ( 'Photo', 'photo', '', 'i1.jpg', '2024-05-10' ), ( 'Another Blog Post', 'blog', 'This is another post to test pagination and ordering. It should appear after the first post but before the photo post if sorted by date.', 'i2.jpg', '2022-08-20' )
2025-07-28T14:37:12.455Z DEBUG 13132 --- [  restartedMain] o.s.jdbc.datasource.init.ScriptUtils     : 3 returned as update count for SQL: INSERT INTO social (name, icon) VALUES ('Facebook', 'fb.jpg'), ('Twitter', 'tw.jpg'), ('Google+', 'gg.jpg')
2025-07-28T14:37:12.455Z DEBUG 13132 --- [  restartedMain] o.s.jdbc.datasource.init.ScriptUtils     : 1 returned as update count for SQL: INSERT INTO total_views (id, view_count) VALUES (1, 1857)
2025-07-28T14:37:12.455Z DEBUG 13132 --- [  restartedMain] o.s.jdbc.datasource.init.ScriptUtils     : Executed SQL script from file [/home/vinht/j3lp0011/target/classes/data.sql] in 4 ms.
2025-07-28T14:37:12.473Z  INFO 13132 --- [  restartedMain] o.s.b.d.a.OptionalLiveReloadServer       : LiveReload server is running on port 35729
2025-07-28T14:37:12.488Z  INFO 13132 --- [  restartedMain] o.s.b.w.embedded.tomcat.TomcatWebServer  : Tomcat started on port 8080 (http) with context path ''
2025-07-28T14:37:12.492Z  INFO 13132 --- [  restartedMain] v.e.funix.j3lp0011.J3lp0011Application   : Started J3lp0011Application in 0.91 seconds (process running for 54.947)
2025-07-28T14:37:12.496Z  INFO 13132 --- [  restartedMain] .ConditionEvaluationDeltaLoggingListener : Condition evaluation unchanged
2025-07-28T14:37:16.883Z  INFO 13132 --- [   File Watcher] rtingClassPathChangeChangedEventListener : Restarting due to 1 class path change (0 additions, 0 deletions, 1 modification)
2025-07-28T14:37:16.891Z  INFO 13132 --- [       Thread-7] j.LocalContainerEntityManagerFactoryBean : Closing JPA EntityManagerFactory for persistence unit 'default'
Hibernate: 
    drop table if exists about_me cascade 
Hibernate: 
    drop table if exists post cascade 
Hibernate: 
    drop table if exists social cascade 
Hibernate: 
    drop table if exists total_views cascade 
2025-07-28T14:37:16.897Z  WARN 13132 --- [       Thread-7] o.s.b.f.support.DisposableBeanAdapter    : Invocation of destroy method failed on bean with name 'inMemoryDatabaseShutdownExecutor': org.h2.jdbc.JdbcSQLNonTransientConnectionException: Database is already closed (to disable automatic closing at VM shutdown, add ";DB_CLOSE_ON_EXIT=FALSE" to the db URL) [90121-224]
2025-07-28T14:37:16.897Z  INFO 13132 --- [       Thread-7] com.zaxxer.hikari.HikariDataSource       : HikariPool-2 - Shutdown initiated...
2025-07-28T14:37:16.899Z  INFO 13132 --- [       Thread-7] com.zaxxer.hikari.HikariDataSource       : HikariPool-2 - Shutdown completed.

  .   ____          _            __ _ _
 /\\ / ___'_ __ _ _(_)_ __  __ _ \ \ \ \
( ( )\___ | '_ | '_| | '_ \/ _` | \ \ \ \
 \\/  ___)| |_)| | | | | || (_| |  ) ) ) )
  '  |____| .__|_| |_|_| |_\__, | / / / /
 =========|_|==============|___/=/_/_/_/
 :: Spring Boot ::                (v3.2.0)

2025-07-28T14:37:16.972Z  INFO 13132 --- [  restartedMain] v.e.funix.j3lp0011.J3lp0011Application   : Starting J3lp0011Application using Java 21.0.7 with PID 13132 (/home/vinht/j3lp0011/target/classes started by vinht in /home/vinht/j3lp0011)
2025-07-28T14:37:16.973Z  INFO 13132 --- [  restartedMain] v.e.funix.j3lp0011.J3lp0011Application   : No active profile set, falling back to 1 default profile: "default"
2025-07-28T14:37:17.096Z  INFO 13132 --- [  restartedMain] .s.d.r.c.RepositoryConfigurationDelegate : Bootstrapping Spring Data JPA repositories in DEFAULT mode.
2025-07-28T14:37:17.109Z  INFO 13132 --- [  restartedMain] .s.d.r.c.RepositoryConfigurationDelegate : Finished Spring Data repository scanning in 11 ms. Found 4 JPA repository interfaces.
2025-07-28T14:37:17.193Z  INFO 13132 --- [  restartedMain] o.s.b.w.embedded.tomcat.TomcatWebServer  : Tomcat initialized with port 8080 (http)
2025-07-28T14:37:17.194Z  INFO 13132 --- [  restartedMain] o.apache.catalina.core.StandardService   : Starting service [Tomcat]
2025-07-28T14:37:17.195Z  INFO 13132 --- [  restartedMain] o.apache.catalina.core.StandardEngine    : Starting Servlet engine: [Apache Tomcat/10.1.16]
2025-07-28T14:37:17.202Z  INFO 13132 --- [  restartedMain] o.a.c.c.C.[Tomcat].[localhost].[/]       : Initializing Spring embedded WebApplicationContext
2025-07-28T14:37:17.202Z  INFO 13132 --- [  restartedMain] w.s.c.ServletWebServerApplicationContext : Root WebApplicationContext: initialization completed in 227 ms
2025-07-28T14:37:17.225Z  INFO 13132 --- [  restartedMain] o.hibernate.jpa.internal.util.LogHelper  : HHH000204: Processing PersistenceUnitInfo [name: default]
2025-07-28T14:37:17.227Z  INFO 13132 --- [  restartedMain] o.h.c.internal.RegionFactoryInitiator    : HHH000026: Second-level cache disabled
2025-07-28T14:37:17.229Z  INFO 13132 --- [  restartedMain] o.s.o.j.p.SpringPersistenceUnitInfo      : No LoadTimeWeaver setup: ignoring JPA class transformer
2025-07-28T14:37:17.230Z  INFO 13132 --- [  restartedMain] com.zaxxer.hikari.HikariDataSource       : HikariPool-3 - Starting...
2025-07-28T14:37:17.234Z  INFO 13132 --- [  restartedMain] com.zaxxer.hikari.pool.HikariPool        : HikariPool-3 - Added connection conn20: url=jdbc:h2:mem:testdb user=SA
2025-07-28T14:37:17.235Z  INFO 13132 --- [  restartedMain] com.zaxxer.hikari.HikariDataSource       : HikariPool-3 - Start completed.
2025-07-28T14:37:17.235Z  WARN 13132 --- [  restartedMain] org.hibernate.orm.deprecation            : HHH90000025: H2Dialect does not need to be specified explicitly using 'hibernate.dialect' (remove the property setting and it will be selected by default)
2025-07-28T14:37:17.294Z  INFO 13132 --- [  restartedMain] o.h.e.t.j.p.i.JtaPlatformInitiator       : HHH000489: No JTA platform available (set 'hibernate.transaction.jta.platform' to enable JTA platform integration)
Hibernate: 
    drop table if exists about_me cascade 
Hibernate: 
    drop table if exists post cascade 
Hibernate: 
    drop table if exists social cascade 
Hibernate: 
    drop table if exists total_views cascade 
Hibernate: 
    create table about_me (
        id integer not null,
        content varchar(4000),
        author varchar(255),
        primary key (id)
    )
Hibernate: 
    create table post (
        created_at date,
        id integer generated by default as identity,
        content varchar(2000),
        image_path varchar(255),
        title varchar(255),
        type varchar(255),
        primary key (id)
    )
Hibernate: 
    create table social (
        id integer generated by default as identity,
        icon varchar(255),
        name varchar(255),
        primary key (id)
    )
Hibernate: 
    create table total_views (
        id integer not null,
        view_count integer,
        primary key (id)
    )
2025-07-28T14:37:17.301Z  INFO 13132 --- [  restartedMain] j.LocalContainerEntityManagerFactoryBean : Initialized JPA EntityManagerFactory for persistence unit 'default'
2025-07-28T14:37:17.370Z  INFO 13132 --- [  restartedMain] o.s.b.a.h2.H2ConsoleAutoConfiguration    : H2 console available at '/h2-console'. Database available at 'jdbc:h2:mem:testdb'
2025-07-28T14:37:17.454Z  WARN 13132 --- [  restartedMain] JpaBaseConfiguration$JpaWebConfiguration : spring.jpa.open-in-view is enabled by default. Therefore, database queries may be performed during view rendering. Explicitly configure spring.jpa.open-in-view to disable this warning
2025-07-28T14:37:17.523Z DEBUG 13132 --- [  restartedMain] o.s.jdbc.datasource.init.ScriptUtils     : Executing SQL script from file [/home/vinht/j3lp0011/target/classes/data.sql]
2025-07-28T14:37:17.524Z DEBUG 13132 --- [  restartedMain] o.s.jdbc.datasource.init.ScriptUtils     : 1 returned as update count for SQL: INSERT INTO about_me (id, content, author) VALUES ( 1, 'Lorem ipsum dolor sit amet, consectetuer adipiscing elit, sed diam nonummy nibh euismod tincidunt ut laoreet dolore magna aliquam erat volutpat. Ut wisi enim ad minim veniam, quis nostrud exerci tation ullamcorper suscipit lobortis nisl ut aliquip ex ea commodo consequat. Duis autem vel eum iriure dolor in hendrerit in vulputate velit esse molestie consequat, vel illum dolore eu feugiat nulla facilisis at vero eros et accumsan et iusto odio dignissim qui blandit praesent luptatum zzril delenit augue duis dolore te feugait nulla facilisi. Nam liber tempor cum soluta nobis eleifend option congue nihil imperdiet doming id quod mazim placerat facer possim assum.<br/><br/>Typi non habent claritatem insitam; est usus legentis in iis qui facit eorum claritatem. Investigationes demonstraverunt lectores legere me lius quod ii legunt saepius. Claritas est etiam processus dynamicus, qui sequitur mutationem consuetudium lectorum. Mirum est notare quam littera gothica, quam nunc putamus parum claram, anteposuerit litterarum formas humanitatis per seacula quarta decima et quinta decima. Eodem modo typi, qui nunc nobis videntur parum clari, fiant sollemnes in futurum.', 'Vivianne Russell' )
2025-07-28T14:37:17.525Z DEBUG 13132 --- [  restartedMain] o.s.jdbc.datasource.init.ScriptUtils     : 4 returned as update count for SQL: INSERT INTO post (title, type, content, image_path, created_at) VALUES ( 'Essential skills for a happy life!', 'blog', 'Lorem ipsum dolor sit amet, consectetuer adipiscing elit, sed diam nonummy nibh euismod tincidunt ut laoreet dolore magna aliquam erat volutpat. Ut wisi enim ad minim veniam, quis nostrud exerci tation ullamcorper suscipit lobortis nisl ut aliquip ex ea commodo consequat. At eam doctus oportere, eam feugait delectus ne. Quo cu vulputate persecuti. Eum ut natum possim comprehensam, habeo dicta scaevola eu nec. Ea adhuc reformidans eam. Pri dolore epicuri eu, ne cum tantas fierent instructior. Pro ridens intellegam ut, sea at graecis scriptorem eloquentiam.<br/><br/>Per an labitur lucilius ullamcorper, esse erat ponderum ad vim. Possim laoreet suscipit ex pri, vix numquam eruditi feugait in. Nec maluisset complectitur te, at sea decore semper. Falli numquam perpetua sea et, tibique repudiandae an pro. Ut his solum persius postulant. Soluta nemore debitis ne eos, cum an scripta pericula partiendo.', 'i2.jpg', '2015-11-16' ), ( 'You''ve gotta dance', 'quote', 'You''ve gotta dance like there''s nobody watching,<br/>Love like you''ll never be hurt,<br/>Sing like there''s nobody listening,<br/>And live like it''s heaven on earth. - William W. Purkey', '', '2015-11-16' ), ( 'Photo', 'photo', '', 'i1.jpg', '2024-05-10' ), ( 'Another Blog Post', 'blog', 'This is another post to test pagination and ordering. It should appear after the first post but before the photo post if sorted by date.', 'i2.jpg', '2022-08-20' )
2025-07-28T14:37:17.526Z DEBUG 13132 --- [  restartedMain] o.s.jdbc.datasource.init.ScriptUtils     : 3 returned as update count for SQL: INSERT INTO social (name, icon) VALUES ('Facebook', 'fb.jpg'), ('Twitter', 'tw.jpg'), ('Google+', 'gg.jpg')
2025-07-28T14:37:17.526Z DEBUG 13132 --- [  restartedMain] o.s.jdbc.datasource.init.ScriptUtils     : 1 returned as update count for SQL: INSERT INTO total_views (id, view_count) VALUES (1, 1857)
2025-07-28T14:37:17.526Z DEBUG 13132 --- [  restartedMain] o.s.jdbc.datasource.init.ScriptUtils     : Executed SQL script from file [/home/vinht/j3lp0011/target/classes/data.sql] in 3 ms.
2025-07-28T14:37:17.538Z  INFO 13132 --- [  restartedMain] o.s.b.d.a.OptionalLiveReloadServer       : LiveReload server is running on port 35729
2025-07-28T14:37:17.550Z  INFO 13132 --- [  restartedMain] o.s.b.w.embedded.tomcat.TomcatWebServer  : Tomcat started on port 8080 (http) with context path ''
2025-07-28T14:37:17.552Z  INFO 13132 --- [  restartedMain] v.e.funix.j3lp0011.J3lp0011Application   : Started J3lp0011Application in 0.6 seconds (process running for 60.006)
2025-07-28T14:37:17.553Z  INFO 13132 --- [  restartedMain] .ConditionEvaluationDeltaLoggingListener : Condition evaluation unchanged
2025-07-28T14:37:21.408Z  INFO 13132 --- [nio-8080-exec-1] o.a.c.c.C.[Tomcat].[localhost].[/]       : Initializing Spring DispatcherServlet 'dispatcherServlet'
2025-07-28T14:37:21.408Z  INFO 13132 --- [nio-8080-exec-1] o.s.web.servlet.DispatcherServlet        : Initializing Servlet 'dispatcherServlet'
2025-07-28T14:37:21.409Z  INFO 13132 --- [nio-8080-exec-1] o.s.web.servlet.DispatcherServlet        : Completed initialization in 1 ms
2025-07-28T14:37:21.420Z  INFO 13132 --- [nio-8080-exec-1] v.e.f.j3lp0011.listener.SessionListener  : New session created. Incrementing view count.
Hibernate: 
    update
        total_views 
    set
        view_count=(view_count+1) 
    where
        id=1
Hibernate: 
    select
        tv1_0.id,
        tv1_0.view_count 
    from
        total_views tv1_0 
    where
        tv1_0.id=?
2025-07-28T14:37:21.478Z  INFO 13132 --- [nio-8080-exec-1] v.e.f.j3lp0011.listener.SessionListener  : Total views are now: 1858
Hibernate: 
    select
        p1_0.id,
        p1_0.content,
        p1_0.created_at,
        p1_0.image_path,
        p1_0.title,
        p1_0.type 
    from
        post p1_0 
    order by
        p1_0.created_at desc 
    offset
        ? rows 
    fetch
        first ? rows only
Hibernate: 
    select
        s1_0.id,
        s1_0.icon,
        s1_0.name 
    from
        social s1_0
2025-07-28T14:37:24.972Z  INFO 13132 --- [nio-8080-exec-2] v.e.f.j3lp0011.listener.SessionListener  : New session created. Incrementing view count.
Hibernate: 
    update
        total_views 
    set
        view_count=(view_count+1) 
    where
        id=1
Hibernate: 
    select
        tv1_0.id,
        tv1_0.view_count 
    from
        total_views tv1_0 
    where
        tv1_0.id=?
2025-07-28T14:37:24.978Z  INFO 13132 --- [nio-8080-exec-2] v.e.f.j3lp0011.listener.SessionListener  : Total views are now: 1859
Hibernate: 
    select
        p1_0.id,
        p1_0.content,
        p1_0.created_at,
        p1_0.image_path,
        p1_0.title,
        p1_0.type 
    from
        post p1_0 
    order by
        p1_0.created_at desc 
    offset
        ? rows 
    fetch
        first ? rows only
Hibernate: 
    select
        s1_0.id,
        s1_0.icon,
        s1_0.name 
    from
        social s1_0
2025-07-28T14:37:25.160Z ERROR 13132 --- [nio-8080-exec-6] v.e.f.j.e.GlobalExceptionHandler         : An unexpected error occurred

org.springframework.web.servlet.resource.NoResourceFoundException: No static resource 2EF8E3DF-30F3-4066-90C5-69DE2633DD99cvYH8wzinKVjzvC95GWcNBpJv1i1UsSW7JYmjo0Tj9MnDARwtI7JoMuiPaZI51wgRh7OpIFsVsXp4kPmap4oow/init.
	at org.springframework.web.servlet.resource.ResourceHttpRequestHandler.handleRequest(ResourceHttpRequestHandler.java:585) ~[spring-webmvc-6.1.1.jar:6.1.1]
	at org.springframework.web.servlet.mvc.HttpRequestHandlerAdapter.handle(HttpRequestHandlerAdapter.java:52) ~[spring-webmvc-6.1.1.jar:6.1.1]
	at org.springframework.web.servlet.DispatcherServlet.doDispatch(DispatcherServlet.java:1089) ~[spring-webmvc-6.1.1.jar:6.1.1]
	at org.springframework.web.servlet.DispatcherServlet.doService(DispatcherServlet.java:979) ~[spring-webmvc-6.1.1.jar:6.1.1]
	at org.springframework.web.servlet.FrameworkServlet.processRequest(FrameworkServlet.java:1014) ~[spring-webmvc-6.1.1.jar:6.1.1]
	at org.springframework.web.servlet.FrameworkServlet.doGet(FrameworkServlet.java:903) ~[spring-webmvc-6.1.1.jar:6.1.1]
	at jakarta.servlet.http.HttpServlet.service(HttpServlet.java:564) ~[tomcat-embed-core-10.1.16.jar:6.0]
	at org.springframework.web.servlet.FrameworkServlet.service(FrameworkServlet.java:885) ~[spring-webmvc-6.1.1.jar:6.1.1]
	at jakarta.servlet.http.HttpServlet.service(HttpServlet.java:658) ~[tomcat-embed-core-10.1.16.jar:6.0]
	at org.apache.catalina.core.ApplicationFilterChain.internalDoFilter(ApplicationFilterChain.java:205) ~[tomcat-embed-core-10.1.16.jar:10.1.16]
	at org.apache.catalina.core.ApplicationFilterChain.doFilter(ApplicationFilterChain.java:149) ~[tomcat-embed-core-10.1.16.jar:10.1.16]
	at org.apache.tomcat.websocket.server.WsFilter.doFilter(WsFilter.java:51) ~[tomcat-embed-websocket-10.1.16.jar:10.1.16]
	at org.apache.catalina.core.ApplicationFilterChain.internalDoFilter(ApplicationFilterChain.java:174) ~[tomcat-embed-core-10.1.16.jar:10.1.16]
	at org.apache.catalina.core.ApplicationFilterChain.doFilter(ApplicationFilterChain.java:149) ~[tomcat-embed-core-10.1.16.jar:10.1.16]
	at org.springframework.web.filter.RequestContextFilter.doFilterInternal(RequestContextFilter.java:100) ~[spring-web-6.1.1.jar:6.1.1]
	at org.springframework.web.filter.OncePerRequestFilter.doFilter(OncePerRequestFilter.java:116) ~[spring-web-6.1.1.jar:6.1.1]
	at org.apache.catalina.core.ApplicationFilterChain.internalDoFilter(ApplicationFilterChain.java:174) ~[tomcat-embed-core-10.1.16.jar:10.1.16]
	at org.apache.catalina.core.ApplicationFilterChain.doFilter(ApplicationFilterChain.java:149) ~[tomcat-embed-core-10.1.16.jar:10.1.16]
	at org.springframework.web.filter.FormContentFilter.doFilterInternal(FormContentFilter.java:93) ~[spring-web-6.1.1.jar:6.1.1]
	at org.springframework.web.filter.OncePerRequestFilter.doFilter(OncePerRequestFilter.java:116) ~[spring-web-6.1.1.jar:6.1.1]
	at org.apache.catalina.core.ApplicationFilterChain.internalDoFilter(ApplicationFilterChain.java:174) ~[tomcat-embed-core-10.1.16.jar:10.1.16]
	at org.apache.catalina.core.ApplicationFilterChain.doFilter(ApplicationFilterChain.java:149) ~[tomcat-embed-core-10.1.16.jar:10.1.16]
	at org.springframework.web.filter.CharacterEncodingFilter.doFilterInternal(CharacterEncodingFilter.java:201) ~[spring-web-6.1.1.jar:6.1.1]
	at org.springframework.web.filter.OncePerRequestFilter.doFilter(OncePerRequestFilter.java:116) ~[spring-web-6.1.1.jar:6.1.1]
	at org.apache.catalina.core.ApplicationFilterChain.internalDoFilter(ApplicationFilterChain.java:174) ~[tomcat-embed-core-10.1.16.jar:10.1.16]
	at org.apache.catalina.core.ApplicationFilterChain.doFilter(ApplicationFilterChain.java:149) ~[tomcat-embed-core-10.1.16.jar:10.1.16]
	at org.apache.catalina.core.StandardWrapperValve.invoke(StandardWrapperValve.java:167) ~[tomcat-embed-core-10.1.16.jar:10.1.16]
	at org.apache.catalina.core.StandardContextValve.invoke(StandardContextValve.java:90) ~[tomcat-embed-core-10.1.16.jar:10.1.16]
	at org.apache.catalina.authenticator.AuthenticatorBase.invoke(AuthenticatorBase.java:482) ~[tomcat-embed-core-10.1.16.jar:10.1.16]
	at org.apache.catalina.core.StandardHostValve.invoke(StandardHostValve.java:115) ~[tomcat-embed-core-10.1.16.jar:10.1.16]
	at org.apache.catalina.valves.ErrorReportValve.invoke(ErrorReportValve.java:93) ~[tomcat-embed-core-10.1.16.jar:10.1.16]
	at org.apache.catalina.core.StandardEngineValve.invoke(StandardEngineValve.java:74) ~[tomcat-embed-core-10.1.16.jar:10.1.16]
	at org.apache.catalina.connector.CoyoteAdapter.service(CoyoteAdapter.java:340) ~[tomcat-embed-core-10.1.16.jar:10.1.16]
	at org.apache.coyote.http11.Http11Processor.service(Http11Processor.java:391) ~[tomcat-embed-core-10.1.16.jar:10.1.16]
	at org.apache.coyote.AbstractProcessorLight.process(AbstractProcessorLight.java:63) ~[tomcat-embed-core-10.1.16.jar:10.1.16]
	at org.apache.coyote.AbstractProtocol$ConnectionHandler.process(AbstractProtocol.java:896) ~[tomcat-embed-core-10.1.16.jar:10.1.16]
	at org.apache.tomcat.util.net.NioEndpoint$SocketProcessor.doRun(NioEndpoint.java:1744) ~[tomcat-embed-core-10.1.16.jar:10.1.16]
	at org.apache.tomcat.util.net.SocketProcessorBase.run(SocketProcessorBase.java:52) ~[tomcat-embed-core-10.1.16.jar:10.1.16]
	at org.apache.tomcat.util.threads.ThreadPoolExecutor.runWorker(ThreadPoolExecutor.java:1191) ~[tomcat-embed-core-10.1.16.jar:10.1.16]
	at org.apache.tomcat.util.threads.ThreadPoolExecutor$Worker.run(ThreadPoolExecutor.java:659) ~[tomcat-embed-core-10.1.16.jar:10.1.16]
	at org.apache.tomcat.util.threads.TaskThread$WrappingRunnable.run(TaskThread.java:61) ~[tomcat-embed-core-10.1.16.jar:10.1.16]
	at java.base/java.lang.Thread.run(Thread.java:1583) ~[na:na]

2025-07-28T14:37:25.172Z  WARN 13132 --- [nio-8080-exec-6] .m.m.a.ExceptionHandlerExceptionResolver : Resolved [org.springframework.web.servlet.resource.NoResourceFoundException: No static resource 2EF8E3DF-30F3-4066-90C5-69DE2633DD99cvYH8wzinKVjzvC95GWcNBpJv1i1UsSW7JYmjo0Tj9MnDARwtI7JoMuiPaZI51wgRh7OpIFsVsXp4kPmap4oow/init.]
Hibernate: 
    select
        p1_0.id,
        p1_0.content,
        p1_0.created_at,
        p1_0.image_path,
        p1_0.title,
        p1_0.type 
    from
        post p1_0 
    order by
        p1_0.created_at desc 
    offset
        ? rows 
    fetch
        first ? rows only
Hibernate: 
    select
        s1_0.id,
        s1_0.icon,
        s1_0.name 
    from
        social s1_0
Hibernate: 
    select
        p1_0.id,
        p1_0.content,
        p1_0.created_at,
        p1_0.image_path,
        p1_0.title,
        p1_0.type 
    from
        post p1_0 
    order by
        p1_0.created_at desc 
    offset
        ? rows 
    fetch
        first ? rows only
Hibernate: 
    select
        s1_0.id,
        s1_0.icon,
        s1_0.name 
    from
        social s1_0
2025-07-28T14:39:29.160Z ERROR 13132 --- [nio-8080-exec-6] v.e.f.j.e.GlobalExceptionHandler         : An unexpected error occurred

org.springframework.web.servlet.resource.NoResourceFoundException: No static resource 2EF8E3DF-30F3-4066-90C5-69DE2633DD99QOC3Xrti5vE2Hs0NauaCL-NFrjlTOK8aPvVXnR4sr5EfKgNvDj9f8iYHVWd_oNdbEfxbD1iyb-V6NOI3-QurLA/init.
	at org.springframework.web.servlet.resource.ResourceHttpRequestHandler.handleRequest(ResourceHttpRequestHandler.java:585) ~[spring-webmvc-6.1.1.jar:6.1.1]
	at org.springframework.web.servlet.mvc.HttpRequestHandlerAdapter.handle(HttpRequestHandlerAdapter.java:52) ~[spring-webmvc-6.1.1.jar:6.1.1]
	at org.springframework.web.servlet.DispatcherServlet.doDispatch(DispatcherServlet.java:1089) ~[spring-webmvc-6.1.1.jar:6.1.1]
	at org.springframework.web.servlet.DispatcherServlet.doService(DispatcherServlet.java:979) ~[spring-webmvc-6.1.1.jar:6.1.1]
	at org.springframework.web.servlet.FrameworkServlet.processRequest(FrameworkServlet.java:1014) ~[spring-webmvc-6.1.1.jar:6.1.1]
	at org.springframework.web.servlet.FrameworkServlet.doGet(FrameworkServlet.java:903) ~[spring-webmvc-6.1.1.jar:6.1.1]
	at jakarta.servlet.http.HttpServlet.service(HttpServlet.java:564) ~[tomcat-embed-core-10.1.16.jar:6.0]
	at org.springframework.web.servlet.FrameworkServlet.service(FrameworkServlet.java:885) ~[spring-webmvc-6.1.1.jar:6.1.1]
	at jakarta.servlet.http.HttpServlet.service(HttpServlet.java:658) ~[tomcat-embed-core-10.1.16.jar:6.0]
	at org.apache.catalina.core.ApplicationFilterChain.internalDoFilter(ApplicationFilterChain.java:205) ~[tomcat-embed-core-10.1.16.jar:10.1.16]
	at org.apache.catalina.core.ApplicationFilterChain.doFilter(ApplicationFilterChain.java:149) ~[tomcat-embed-core-10.1.16.jar:10.1.16]
	at org.apache.tomcat.websocket.server.WsFilter.doFilter(WsFilter.java:51) ~[tomcat-embed-websocket-10.1.16.jar:10.1.16]
	at org.apache.catalina.core.ApplicationFilterChain.internalDoFilter(ApplicationFilterChain.java:174) ~[tomcat-embed-core-10.1.16.jar:10.1.16]
	at org.apache.catalina.core.ApplicationFilterChain.doFilter(ApplicationFilterChain.java:149) ~[tomcat-embed-core-10.1.16.jar:10.1.16]
	at org.springframework.web.filter.RequestContextFilter.doFilterInternal(RequestContextFilter.java:100) ~[spring-web-6.1.1.jar:6.1.1]
	at org.springframework.web.filter.OncePerRequestFilter.doFilter(OncePerRequestFilter.java:116) ~[spring-web-6.1.1.jar:6.1.1]
	at org.apache.catalina.core.ApplicationFilterChain.internalDoFilter(ApplicationFilterChain.java:174) ~[tomcat-embed-core-10.1.16.jar:10.1.16]
	at org.apache.catalina.core.ApplicationFilterChain.doFilter(ApplicationFilterChain.java:149) ~[tomcat-embed-core-10.1.16.jar:10.1.16]
	at org.springframework.web.filter.FormContentFilter.doFilterInternal(FormContentFilter.java:93) ~[spring-web-6.1.1.jar:6.1.1]
	at org.springframework.web.filter.OncePerRequestFilter.doFilter(OncePerRequestFilter.java:116) ~[spring-web-6.1.1.jar:6.1.1]
	at org.apache.catalina.core.ApplicationFilterChain.internalDoFilter(ApplicationFilterChain.java:174) ~[tomcat-embed-core-10.1.16.jar:10.1.16]
	at org.apache.catalina.core.ApplicationFilterChain.doFilter(ApplicationFilterChain.java:149) ~[tomcat-embed-core-10.1.16.jar:10.1.16]
	at org.springframework.web.filter.CharacterEncodingFilter.doFilterInternal(CharacterEncodingFilter.java:201) ~[spring-web-6.1.1.jar:6.1.1]
	at org.springframework.web.filter.OncePerRequestFilter.doFilter(OncePerRequestFilter.java:116) ~[spring-web-6.1.1.jar:6.1.1]
	at org.apache.catalina.core.ApplicationFilterChain.internalDoFilter(ApplicationFilterChain.java:174) ~[tomcat-embed-core-10.1.16.jar:10.1.16]
	at org.apache.catalina.core.ApplicationFilterChain.doFilter(ApplicationFilterChain.java:149) ~[tomcat-embed-core-10.1.16.jar:10.1.16]
	at org.apache.catalina.core.StandardWrapperValve.invoke(StandardWrapperValve.java:167) ~[tomcat-embed-core-10.1.16.jar:10.1.16]
	at org.apache.catalina.core.StandardContextValve.invoke(StandardContextValve.java:90) ~[tomcat-embed-core-10.1.16.jar:10.1.16]
	at org.apache.catalina.authenticator.AuthenticatorBase.invoke(AuthenticatorBase.java:482) ~[tomcat-embed-core-10.1.16.jar:10.1.16]
	at org.apache.catalina.core.StandardHostValve.invoke(StandardHostValve.java:115) ~[tomcat-embed-core-10.1.16.jar:10.1.16]
	at org.apache.catalina.valves.ErrorReportValve.invoke(ErrorReportValve.java:93) ~[tomcat-embed-core-10.1.16.jar:10.1.16]
	at org.apache.catalina.core.StandardEngineValve.invoke(StandardEngineValve.java:74) ~[tomcat-embed-core-10.1.16.jar:10.1.16]
	at org.apache.catalina.connector.CoyoteAdapter.service(CoyoteAdapter.java:340) ~[tomcat-embed-core-10.1.16.jar:10.1.16]
	at org.apache.coyote.http11.Http11Processor.service(Http11Processor.java:391) ~[tomcat-embed-core-10.1.16.jar:10.1.16]
	at org.apache.coyote.AbstractProcessorLight.process(AbstractProcessorLight.java:63) ~[tomcat-embed-core-10.1.16.jar:10.1.16]
	at org.apache.coyote.AbstractProtocol$ConnectionHandler.process(AbstractProtocol.java:896) ~[tomcat-embed-core-10.1.16.jar:10.1.16]
	at org.apache.tomcat.util.net.NioEndpoint$SocketProcessor.doRun(NioEndpoint.java:1744) ~[tomcat-embed-core-10.1.16.jar:10.1.16]
	at org.apache.tomcat.util.net.SocketProcessorBase.run(SocketProcessorBase.java:52) ~[tomcat-embed-core-10.1.16.jar:10.1.16]
	at org.apache.tomcat.util.threads.ThreadPoolExecutor.runWorker(ThreadPoolExecutor.java:1191) ~[tomcat-embed-core-10.1.16.jar:10.1.16]
	at org.apache.tomcat.util.threads.ThreadPoolExecutor$Worker.run(ThreadPoolExecutor.java:659) ~[tomcat-embed-core-10.1.16.jar:10.1.16]
	at org.apache.tomcat.util.threads.TaskThread$WrappingRunnable.run(TaskThread.java:61) ~[tomcat-embed-core-10.1.16.jar:10.1.16]
	at java.base/java.lang.Thread.run(Thread.java:1583) ~[na:na]

2025-07-28T14:39:29.162Z  WARN 13132 --- [nio-8080-exec-6] .m.m.a.ExceptionHandlerExceptionResolver : Resolved [org.springframework.web.servlet.resource.NoResourceFoundException: No static resource 2EF8E3DF-30F3-4066-90C5-69DE2633DD99QOC3Xrti5vE2Hs0NauaCL-NFrjlTOK8aPvVXnR4sr5EfKgNvDj9f8iYHVWd_oNdbEfxbD1iyb-V6NOI3-QurLA/init.]
2025-07-28T14:39:29.577Z  INFO 13132 --- [   File Watcher] rtingClassPathChangeChangedEventListener : Restarting due to 1 class path change (0 additions, 0 deletions, 1 modification)
2025-07-28T14:39:29.584Z  INFO 13132 --- [      Thread-12] j.LocalContainerEntityManagerFactoryBean : Closing JPA EntityManagerFactory for persistence unit 'default'
Hibernate: 
    drop table if exists about_me cascade 
Hibernate: 
    drop table if exists post cascade 
Hibernate: 
    drop table if exists social cascade 
Hibernate: 
    drop table if exists total_views cascade 
2025-07-28T14:39:29.590Z  WARN 13132 --- [      Thread-12] o.s.b.f.support.DisposableBeanAdapter    : Invocation of destroy method failed on bean with name 'inMemoryDatabaseShutdownExecutor': org.h2.jdbc.JdbcSQLNonTransientConnectionException: Database is already closed (to disable automatic closing at VM shutdown, add ";DB_CLOSE_ON_EXIT=FALSE" to the db URL) [90121-224]
2025-07-28T14:39:29.590Z  INFO 13132 --- [      Thread-12] com.zaxxer.hikari.HikariDataSource       : HikariPool-3 - Shutdown initiated...
2025-07-28T14:39:29.591Z  INFO 13132 --- [      Thread-12] com.zaxxer.hikari.HikariDataSource       : HikariPool-3 - Shutdown completed.

  .   ____          _            __ _ _
 /\\ / ___'_ __ _ _(_)_ __  __ _ \ \ \ \
( ( )\___ | '_ | '_| | '_ \/ _` | \ \ \ \
 \\/  ___)| |_)| | | | | || (_| |  ) ) ) )
  '  |____| .__|_| |_|_| |_\__, | / / / /
 =========|_|==============|___/=/_/_/_/
 :: Spring Boot ::                (v3.2.0)

2025-07-28T14:39:29.689Z  INFO 13132 --- [  restartedMain] v.e.funix.j3lp0011.J3lp0011Application   : Starting J3lp0011Application using Java 21.0.7 with PID 13132 (/home/vinht/j3lp0011/target/classes started by vinht in /home/vinht/j3lp0011)
2025-07-28T14:39:29.689Z  INFO 13132 --- [  restartedMain] v.e.funix.j3lp0011.J3lp0011Application   : No active profile set, falling back to 1 default profile: "default"
2025-07-28T14:39:29.812Z  INFO 13132 --- [  restartedMain] .s.d.r.c.RepositoryConfigurationDelegate : Bootstrapping Spring Data JPA repositories in DEFAULT mode.
2025-07-28T14:39:29.821Z  INFO 13132 --- [  restartedMain] .s.d.r.c.RepositoryConfigurationDelegate : Finished Spring Data repository scanning in 7 ms. Found 4 JPA repository interfaces.
2025-07-28T14:39:29.883Z  INFO 13132 --- [  restartedMain] o.s.b.w.embedded.tomcat.TomcatWebServer  : Tomcat initialized with port 8080 (http)
2025-07-28T14:39:29.884Z  INFO 13132 --- [  restartedMain] o.apache.catalina.core.StandardService   : Starting service [Tomcat]
2025-07-28T14:39:29.884Z  INFO 13132 --- [  restartedMain] o.apache.catalina.core.StandardEngine    : Starting Servlet engine: [Apache Tomcat/10.1.16]
2025-07-28T14:39:29.890Z  INFO 13132 --- [  restartedMain] o.a.c.c.C.[Tomcat].[localhost].[/]       : Initializing Spring embedded WebApplicationContext
2025-07-28T14:39:29.890Z  INFO 13132 --- [  restartedMain] w.s.c.ServletWebServerApplicationContext : Root WebApplicationContext: initialization completed in 199 ms
2025-07-28T14:39:29.909Z  INFO 13132 --- [  restartedMain] o.hibernate.jpa.internal.util.LogHelper  : HHH000204: Processing PersistenceUnitInfo [name: default]
2025-07-28T14:39:29.911Z  INFO 13132 --- [  restartedMain] o.h.c.internal.RegionFactoryInitiator    : HHH000026: Second-level cache disabled
2025-07-28T14:39:29.914Z  INFO 13132 --- [  restartedMain] o.s.o.j.p.SpringPersistenceUnitInfo      : No LoadTimeWeaver setup: ignoring JPA class transformer
2025-07-28T14:39:29.915Z  INFO 13132 --- [  restartedMain] com.zaxxer.hikari.HikariDataSource       : HikariPool-4 - Starting...
2025-07-28T14:39:29.918Z  INFO 13132 --- [  restartedMain] com.zaxxer.hikari.pool.HikariPool        : HikariPool-4 - Added connection conn30: url=jdbc:h2:mem:testdb user=SA
2025-07-28T14:39:29.918Z  INFO 13132 --- [  restartedMain] com.zaxxer.hikari.HikariDataSource       : HikariPool-4 - Start completed.
2025-07-28T14:39:29.918Z  WARN 13132 --- [  restartedMain] org.hibernate.orm.deprecation            : HHH90000025: H2Dialect does not need to be specified explicitly using 'hibernate.dialect' (remove the property setting and it will be selected by default)
2025-07-28T14:39:29.991Z  INFO 13132 --- [  restartedMain] o.h.e.t.j.p.i.JtaPlatformInitiator       : HHH000489: No JTA platform available (set 'hibernate.transaction.jta.platform' to enable JTA platform integration)
Hibernate: 
    drop table if exists about_me cascade 
Hibernate: 
    drop table if exists post cascade 
Hibernate: 
    drop table if exists social cascade 
Hibernate: 
    drop table if exists total_views cascade 
Hibernate: 
    create table about_me (
        id integer not null,
        content varchar(4000),
        author varchar(255),
        primary key (id)
    )
Hibernate: 
    create table post (
        created_at date,
        id integer generated by default as identity,
        content varchar(2000),
        image_path varchar(255),
        title varchar(255),
        type varchar(255),
        primary key (id)
    )
Hibernate: 
    create table social (
        id integer generated by default as identity,
        icon varchar(255),
        name varchar(255),
        primary key (id)
    )
Hibernate: 
    create table total_views (
        id integer not null,
        view_count integer,
        primary key (id)
    )
2025-07-28T14:39:30.003Z  INFO 13132 --- [  restartedMain] j.LocalContainerEntityManagerFactoryBean : Initialized JPA EntityManagerFactory for persistence unit 'default'
2025-07-28T14:39:30.058Z  INFO 13132 --- [  restartedMain] o.s.b.a.h2.H2ConsoleAutoConfiguration    : H2 console available at '/h2-console'. Database available at 'jdbc:h2:mem:testdb'
2025-07-28T14:39:30.173Z  WARN 13132 --- [  restartedMain] JpaBaseConfiguration$JpaWebConfiguration : spring.jpa.open-in-view is enabled by default. Therefore, database queries may be performed during view rendering. Explicitly configure spring.jpa.open-in-view to disable this warning
2025-07-28T14:39:30.254Z DEBUG 13132 --- [  restartedMain] o.s.jdbc.datasource.init.ScriptUtils     : Executing SQL script from file [/home/vinht/j3lp0011/target/classes/data.sql]
2025-07-28T14:39:30.255Z DEBUG 13132 --- [  restartedMain] o.s.jdbc.datasource.init.ScriptUtils     : 1 returned as update count for SQL: INSERT INTO about_me (id, content, author) VALUES ( 1, 'Lorem ipsum dolor sit amet, consectetuer adipiscing elit, sed diam nonummy nibh euismod tincidunt ut laoreet dolore magna aliquam erat volutpat. Ut wisi enim ad minim veniam, quis nostrud exerci tation ullamcorper suscipit lobortis nisl ut aliquip ex ea commodo consequat. Duis autem vel eum iriure dolor in hendrerit in vulputate velit esse molestie consequat, vel illum dolore eu feugiat nulla facilisis at vero eros et accumsan et iusto odio dignissim qui blandit praesent luptatum zzril delenit augue duis dolore te feugait nulla facilisi. Nam liber tempor cum soluta nobis eleifend option congue nihil imperdiet doming id quod mazim placerat facer possim assum.<br/><br/>Typi non habent claritatem insitam; est usus legentis in iis qui facit eorum claritatem. Investigationes demonstraverunt lectores legere me lius quod ii legunt saepius. Claritas est etiam processus dynamicus, qui sequitur mutationem consuetudium lectorum. Mirum est notare quam littera gothica, quam nunc putamus parum claram, anteposuerit litterarum formas humanitatis per seacula quarta decima et quinta decima. Eodem modo typi, qui nunc nobis videntur parum clari, fiant sollemnes in futurum.', 'Vivianne Russell' )
2025-07-28T14:39:30.256Z DEBUG 13132 --- [  restartedMain] o.s.jdbc.datasource.init.ScriptUtils     : 4 returned as update count for SQL: INSERT INTO post (title, type, content, image_path, created_at) VALUES ( 'Essential skills for a happy life!', 'blog', 'Lorem ipsum dolor sit amet, consectetuer adipiscing elit, sed diam nonummy nibh euismod tincidunt ut laoreet dolore magna aliquam erat volutpat. Ut wisi enim ad minim veniam, quis nostrud exerci tation ullamcorper suscipit lobortis nisl ut aliquip ex ea commodo consequat. At eam doctus oportere, eam feugait delectus ne. Quo cu vulputate persecuti. Eum ut natum possim comprehensam, habeo dicta scaevola eu nec. Ea adhuc reformidans eam. Pri dolore epicuri eu, ne cum tantas fierent instructior. Pro ridens intellegam ut, sea at graecis scriptorem eloquentiam.<br/><br/>Per an labitur lucilius ullamcorper, esse erat ponderum ad vim. Possim laoreet suscipit ex pri, vix numquam eruditi feugait in. Nec maluisset complectitur te, at sea decore semper. Falli numquam perpetua sea et, tibique repudiandae an pro. Ut his solum persius postulant. Soluta nemore debitis ne eos, cum an scripta pericula partiendo.', 'i2.jpg', '2015-11-16' ), ( 'You''ve gotta dance', 'quote', 'You''ve gotta dance like there''s nobody watching,<br/>Love like you''ll never be hurt,<br/>Sing like there''s nobody listening,<br/>And live like it''s heaven on earth. - William W. Purkey', '', '2015-11-16' ), ( 'Photo', 'photo', '', 'i1.jpg', '2024-05-10' ), ( 'Another Blog Post', 'blog', 'This is another post to test pagination and ordering. It should appear after the first post but before the photo post if sorted by date.', 'i2.jpg', '2022-08-20' )
2025-07-28T14:39:30.256Z DEBUG 13132 --- [  restartedMain] o.s.jdbc.datasource.init.ScriptUtils     : 3 returned as update count for SQL: INSERT INTO social (name, icon) VALUES ('Facebook', 'fb.jpg'), ('Twitter', 'tw.jpg'), ('Google+', 'gg.jpg')
2025-07-28T14:39:30.257Z DEBUG 13132 --- [  restartedMain] o.s.jdbc.datasource.init.ScriptUtils     : 1 returned as update count for SQL: INSERT INTO total_views (id, view_count) VALUES (1, 1857)
2025-07-28T14:39:30.257Z DEBUG 13132 --- [  restartedMain] o.s.jdbc.datasource.init.ScriptUtils     : Executed SQL script from file [/home/vinht/j3lp0011/target/classes/data.sql] in 3 ms.
2025-07-28T14:39:30.269Z  INFO 13132 --- [  restartedMain] o.s.b.d.a.OptionalLiveReloadServer       : LiveReload server is running on port 35729
2025-07-28T14:39:30.284Z  INFO 13132 --- [  restartedMain] o.s.b.w.embedded.tomcat.TomcatWebServer  : Tomcat started on port 8080 (http) with context path ''
2025-07-28T14:39:30.287Z  INFO 13132 --- [  restartedMain] v.e.funix.j3lp0011.J3lp0011Application   : Started J3lp0011Application in 0.623 seconds (process running for 192.741)
2025-07-28T14:39:30.288Z  INFO 13132 --- [  restartedMain] .ConditionEvaluationDeltaLoggingListener : Condition evaluation unchanged
2025-07-28T14:40:15.797Z  INFO 13132 --- [ionShutdownHook] j.LocalContainerEntityManagerFactoryBean : Closing JPA EntityManagerFactory for persistence unit 'default'
Hibernate: 
    drop table if exists about_me cascade 
Hibernate: 
    drop table if exists post cascade 
Hibernate: 
    drop table if exists social cascade 
Hibernate: 
    drop table if exists total_views cascade 
2025-07-28T14:40:15.801Z  WARN 13132 --- [ionShutdownHook] o.s.b.f.support.DisposableBeanAdapter    : Invocation of destroy method failed on bean with name 'inMemoryDatabaseShutdownExecutor': org.h2.jdbc.JdbcSQLNonTransientConnectionException: Database is already closed (to disable automatic closing at VM shutdown, add ";DB_CLOSE_ON_EXIT=FALSE" to the db URL) [90121-224]
2025-07-28T14:40:15.801Z  INFO 13132 --- [ionShutdownHook] com.zaxxer.hikari.HikariDataSource       : HikariPool-4 - Shutdown initiated...
2025-07-28T14:40:15.802Z  INFO 13132 --- [ionShutdownHook] com.zaxxer.hikari.HikariDataSource       : HikariPool-4 - Shutdown completed.
[[1;34mINFO[m] [1m------------------------------------------------------------------------[m
[[1;34mINFO[m] [1;31mBUILD FAILURE[m
[[1;34mINFO[m] [1m------------------------------------------------------------------------[m
[[1;34mINFO[m] Total time:  04:00 min
[[1;34mINFO[m] Finished at: 2025-07-28T14:40:16Z
[[1;34mINFO[m] [1m------------------------------------------------------------------------[m
[[1;31mERROR[m] Failed to execute goal [32morg.springframework.boot:spring-boot-maven-plugin:3.2.0:run[m [1m(default-cli)[m on project [36mj3lp0011[m: [1;31mProcess terminated with exit code: 143[m -> [1m[Help 1][m
[[1;31mERROR[m] 
[[1;31mERROR[m] To see the full stack trace of the errors, re-run Maven with the [1m-e[m switch.
[[1;31mERROR[m] Re-run Maven using the [1m-X[m switch to enable full debug logging.
[[1;31mERROR[m] 
[[1;31mERROR[m] For more information about the errors and possible solutions, please read the following articles:
[[1;31mERROR[m] [1m[Help 1][m http://cwiki.apache.org/confluence/display/MAVEN/MojoExecutionException
